# JRE version: OpenJDK Runtime Environment Temurin-17.0.7+7 (17.0.7+7) (build 17.0.7+7)
# Java VM: OpenJDK 64-Bit Server VM Temurin-17.0.7+7 (17.0.7+7, mixed mode, sharing, tiered, compressed oops, compressed class ptrs, g1 gc, windows-amd64)
GC Precious Log:
 CPUs: 12 total, 12 available
 Memory: 16016M
 Large Page Support: Disabled
 NUMA Support: Disabled
 Compressed Oops: Enabled (Zero based)
 Heap Region Size: 2M
 Heap Min Capacity: 512M
 Heap Initial Capacity: 512M
 Heap Max Capacity: 4072M
 Pre-touch: Disabled
 Parallel Workers: 10
 Concurrent Workers: 3
 Concurrent Refinement Workers: 10
 Periodic GC: Disabled
 String Deduplication is enabled
Heap:
 garbage-first heap   total 1048576K, used 163950K [0x0000000701800000, 0x0000000800000000)
  region size 2048K, 34 young (69632K), 1 survivors (2048K)
 Metaspace       used 89442K, committed 90176K, reserved 1179648K
  class space    used 12017K, committed 12352K, reserved 1048576K
GC Heap History (20 events):
Event: 2533.645 GC heap before
{Heap before GC invocations=678 (full 512):
 garbage-first heap   total 524288K, used 99179K [0x0000000701800000, 0x0000000800000000)
  region size 2048K, 2 young (4096K), 0 survivors (0K)
 Metaspace       used 89313K, committed 90048K, reserved 1179648K
  class space    used 12017K, committed 12352K, reserved 1048576K
}
Event: 2533.690 GC heap after
{Heap after GC invocations=679 (full 513):
 garbage-first heap   total 524288K, used 97131K [0x0000000701800000, 0x0000000800000000)
  region size 2048K, 0 young (0K), 0 survivors (0K)
 Metaspace       used 89313K, committed 90048K, reserved 1179648K
  class space    used 12017K, committed 12352K, reserved 1048576K
}
Event: 2533.844 GC heap before
{Heap before GC invocations=679 (full 513):
 garbage-first heap   total 524288K, used 97131K [0x0000000701800000, 0x0000000800000000)
  region size 2048K, 1 young (2048K), 0 survivors (0K)
 Metaspace       used 89313K, committed 90048K, reserved 1179648K
  class space    used 12017K, committed 12352K, reserved 1048576K
}
Event: 2533.890 GC heap after
{Heap after GC invocations=680 (full 514):
 garbage-first heap   total 524288K, used 97131K [0x0000000701800000, 0x0000000800000000)
  region size 2048K, 0 young (0K), 0 survivors (0K)
 Metaspace       used 89313K, committed 90048K, reserved 1179648K
  class space    used 12017K, committed 12352K, reserved 1048576K
}
Event: 2534.746 GC heap before
{Heap before GC invocations=680 (full 514):
 garbage-first heap   total 524288K, used 99179K [0x0000000701800000, 0x0000000800000000)
  region size 2048K, 2 young (4096K), 0 survivors (0K)
 Metaspace       used 89313K, committed 90048K, reserved 1179648K
  class space    used 12017K, committed 12352K, reserved 1048576K
}
Event: 2534.793 GC heap after
{Heap after GC invocations=681 (full 515):
 garbage-first heap   total 524288K, used 97132K [0x0000000701800000, 0x0000000800000000)
  region size 2048K, 0 young (0K), 0 survivors (0K)
 Metaspace       used 89313K, committed 90048K, reserved 1179648K
  class space    used 12017K, committed 12352K, reserved 1048576K
}
Event: 2535.432 GC heap before
{Heap before GC invocations=681 (full 515):
 garbage-first heap   total 524288K, used 97132K [0x0000000701800000, 0x0000000800000000)
  region size 2048K, 1 young (2048K), 0 survivors (0K)
 Metaspace       used 89313K, committed 90048K, reserved 1179648K
  class space    used 12017K, committed 12352K, reserved 1048576K
}
Event: 2535.434 GC heap after
{Heap after GC invocations=682 (full 515):
 garbage-first heap   total 524288K, used 97231K [0x0000000701800000, 0x0000000800000000)
  region size 2048K, 1 young (2048K), 1 survivors (2048K)
 Metaspace       used 89313K, committed 90048K, reserved 1179648K
  class space    used 12017K, committed 12352K, reserved 1048576K
}
Event: 2537.751 GC heap before
{Heap before GC invocations=682 (full 515):
 garbage-first heap   total 524288K, used 99279K [0x0000000701800000, 0x0000000800000000)
  region size 2048K, 3 young (6144K), 1 survivors (2048K)
 Metaspace       used 89313K, committed 90048K, reserved 1179648K
  class space    used 12017K, committed 12352K, reserved 1048576K
}
Event: 2537.798 GC heap after
{Heap after GC invocations=683 (full 516):
 garbage-first heap   total 524288K, used 97137K [0x0000000701800000, 0x0000000800000000)
  region size 2048K, 0 young (0K), 0 survivors (0K)
 Metaspace       used 89313K, committed 90048K, reserved 1179648K
  class space    used 12017K, committed 12352K, reserved 1048576K
}
Event: 2554.436 GC heap before
{Heap before GC invocations=683 (full 516):
 garbage-first heap   total 524288K, used 179057K [0x0000000701800000, 0x0000000800000000)
  region size 2048K, 40 young (81920K), 0 survivors (0K)
 Metaspace       used 89343K, committed 90048K, reserved 1179648K
  class space    used 12017K, committed 12352K, reserved 1048576K
}
Event: 2554.439 GC heap after
{Heap after GC invocations=684 (full 516):
 garbage-first heap   total 1048576K, used 98355K [0x0000000701800000, 0x0000000800000000)
  region size 2048K, 1 young (2048K), 1 survivors (2048K)
 Metaspace       used 89343K, committed 90048K, reserved 1179648K
  class space    used 12017K, committed 12352K, reserved 1048576K
}
Event: 2558.093 GC heap before
{Heap before GC invocations=684 (full 516):
 garbage-first heap   total 1048576K, used 178227K [0x0000000701800000, 0x0000000800000000)
  region size 2048K, 40 young (81920K), 1 survivors (2048K)
 Metaspace       used 89348K, committed 90048K, reserved 1179648K
  class space    used 12017K, committed 12352K, reserved 1048576K
}
Event: 2558.095 GC heap after
{Heap after GC invocations=685 (full 516):
 garbage-first heap   total 1048576K, used 97830K [0x0000000701800000, 0x0000000800000000)
  region size 2048K, 1 young (2048K), 1 survivors (2048K)
 Metaspace       used 89348K, committed 90048K, reserved 1179648K
  class space    used 12017K, committed 12352K, reserved 1048576K
}
Event: 2558.579 GC heap before
{Heap before GC invocations=685 (full 516):
 garbage-first heap   total 1048576K, used 177702K [0x0000000701800000, 0x0000000800000000)
  region size 2048K, 40 young (81920K), 1 survivors (2048K)
 Metaspace       used 89381K, committed 90048K, reserved 1179648K
  class space    used 12017K, committed 12352K, reserved 1048576K
}
Event: 2558.582 GC heap after
{Heap after GC invocations=686 (full 516):
 garbage-first heap   total 1048576K, used 98979K [0x0000000701800000, 0x0000000800000000)
  region size 2048K, 1 young (2048K), 1 survivors (2048K)
 Metaspace       used 89381K, committed 90048K, reserved 1179648K
  class space    used 12017K, committed 12352K, reserved 1048576K
}
Event: 2566.449 GC heap before
{Heap before GC invocations=686 (full 516):
 garbage-first heap   total 1048576K, used 178851K [0x0000000701800000, 0x0000000800000000)
  region size 2048K, 40 young (81920K), 1 survivors (2048K)
 Metaspace       used 89412K, committed 90112K, reserved 1179648K
  class space    used 12017K, committed 12352K, reserved 1048576K
}
Event: 2566.451 GC heap after
{Heap after GC invocations=687 (full 516):
 garbage-first heap   total 1048576K, used 98211K [0x0000000701800000, 0x0000000800000000)
  region size 2048K, 1 young (2048K), 1 survivors (2048K)
 Metaspace       used 89412K, committed 90112K, reserved 1179648K
  class space    used 12017K, committed 12352K, reserved 1048576K
}
Event: 2570.616 GC heap before
{Heap before GC invocations=687 (full 516):
 garbage-first heap   total 1048576K, used 178083K [0x0000000701800000, 0x0000000800000000)
  region size 2048K, 40 young (81920K), 1 survivors (2048K)
 Metaspace       used 89428K, committed 90112K, reserved 1179648K
  class space    used 12017K, committed 12352K, reserved 1048576K
}
Event: 2570.618 GC heap after
{Heap after GC invocations=688 (full 516):
 garbage-first heap   total 1048576K, used 98414K [0x0000000701800000, 0x0000000800000000)
  region size 2048K, 1 young (2048K), 1 survivors (2048K)
 Metaspace       used 89428K, committed 90112K, reserved 1179648K
  class space    used 12017K, committed 12352K, reserved 1048576K
}

