# JRE version: OpenJDK Runtime Environment Temurin-17.0.7+7 (17.0.7+7) (build 17.0.7+7)
# Java VM: OpenJDK 64-Bit Server VM Temurin-17.0.7+7 (17.0.7+7, mixed mode, sharing, tiered, compressed oops, compressed class ptrs, g1 gc, windows-amd64)
GC Precious Log:
 CPUs: 12 total, 12 available
 Memory: 16016M
 Large Page Support: Disabled
 NUMA Support: Disabled
 Compressed Oops: Enabled (Zero based)
 Heap Region Size: 2M
 Heap Min Capacity: 512M
 Heap Initial Capacity: 512M
 Heap Max Capacity: 4072M
 Pre-touch: Disabled
 Parallel Workers: 10
 Concurrent Workers: 3
 Concurrent Refinement Workers: 10
 Periodic GC: Disabled
 String Deduplication is enabled
Heap:
 garbage-first heap   total 524288K, used 134258K [0x0000000701800000, 0x0000000800000000)
  region size 2048K, 29 young (59392K), 1 survivors (2048K)
 Metaspace       used 87282K, committed 88000K, reserved 1179648K
  class space    used 11781K, committed 12288K, reserved 1048576K
GC Heap History (20 events):
Event: 36843.593 GC heap before
{Heap before GC invocations=412 (full 190):
 garbage-first heap   total 524288K, used 77237K [0x0000000701800000, 0x0000000800000000)
  region size 2048K, 1 young (2048K), 0 survivors (0K)
 Metaspace       used 86948K, committed 87808K, reserved 1179648K
  class space    used 11725K, committed 12288K, reserved 1048576K
}
Event: 36843.634 GC heap after
{Heap after GC invocations=413 (full 191):
 garbage-first heap   total 524288K, used 77235K [0x0000000701800000, 0x0000000800000000)
  region size 2048K, 0 young (0K), 0 survivors (0K)
 Metaspace       used 86948K, committed 87808K, reserved 1179648K
  class space    used 11725K, committed 12288K, reserved 1048576K
}
Event: 36843.665 GC heap before
{Heap before GC invocations=413 (full 191):
 garbage-first heap   total 524288K, used 77235K [0x0000000701800000, 0x0000000800000000)
  region size 2048K, 1 young (2048K), 0 survivors (0K)
 Metaspace       used 86953K, committed 87808K, reserved 1179648K
  class space    used 11725K, committed 12288K, reserved 1048576K
}
Event: 36843.708 GC heap after
{Heap after GC invocations=414 (full 192):
 garbage-first heap   total 524288K, used 77235K [0x0000000701800000, 0x0000000800000000)
  region size 2048K, 0 young (0K), 0 survivors (0K)
 Metaspace       used 86953K, committed 87808K, reserved 1179648K
  class space    used 11725K, committed 12288K, reserved 1048576K
}
Event: 36843.776 GC heap before
{Heap before GC invocations=414 (full 192):
 garbage-first heap   total 524288K, used 79283K [0x0000000701800000, 0x0000000800000000)
  region size 2048K, 2 young (4096K), 0 survivors (0K)
 Metaspace       used 86953K, committed 87808K, reserved 1179648K
  class space    used 11725K, committed 12288K, reserved 1048576K
}
Event: 36843.819 GC heap after
{Heap after GC invocations=415 (full 193):
 garbage-first heap   total 524288K, used 77239K [0x0000000701800000, 0x0000000800000000)
  region size 2048K, 0 young (0K), 0 survivors (0K)
 Metaspace       used 86953K, committed 87808K, reserved 1179648K
  class space    used 11725K, committed 12288K, reserved 1048576K
}
Event: 36844.009 GC heap before
{Heap before GC invocations=415 (full 193):
 garbage-first heap   total 524288K, used 79287K [0x0000000701800000, 0x0000000800000000)
  region size 2048K, 2 young (4096K), 0 survivors (0K)
 Metaspace       used 86954K, committed 87808K, reserved 1179648K
  class space    used 11725K, committed 12288K, reserved 1048576K
}
Event: 36844.050 GC heap after
{Heap after GC invocations=416 (full 194):
 garbage-first heap   total 524288K, used 77238K [0x0000000701800000, 0x0000000800000000)
  region size 2048K, 0 young (0K), 0 survivors (0K)
 Metaspace       used 86954K, committed 87808K, reserved 1179648K
  class space    used 11725K, committed 12288K, reserved 1048576K
}
Event: 36847.667 GC heap before
{Heap before GC invocations=416 (full 194):
 garbage-first heap   total 524288K, used 83382K [0x0000000701800000, 0x0000000800000000)
  region size 2048K, 4 young (8192K), 0 survivors (0K)
 Metaspace       used 86955K, committed 87808K, reserved 1179648K
  class space    used 11725K, committed 12288K, reserved 1048576K
}
Event: 36847.709 GC heap after
{Heap after GC invocations=417 (full 195):
 garbage-first heap   total 524288K, used 77282K [0x0000000701800000, 0x0000000800000000)
  region size 2048K, 0 young (0K), 0 survivors (0K)
 Metaspace       used 86955K, committed 87808K, reserved 1179648K
  class space    used 11725K, committed 12288K, reserved 1048576K
}
Event: 36852.498 GC heap before
{Heap before GC invocations=417 (full 195):
 garbage-first heap   total 524288K, used 91618K [0x0000000701800000, 0x0000000800000000)
  region size 2048K, 8 young (16384K), 0 survivors (0K)
 Metaspace       used 86956K, committed 87808K, reserved 1179648K
  class space    used 11725K, committed 12288K, reserved 1048576K
}
Event: 36852.538 GC heap after
{Heap after GC invocations=418 (full 196):
 garbage-first heap   total 524288K, used 77416K [0x0000000701800000, 0x0000000800000000)
  region size 2048K, 0 young (0K), 0 survivors (0K)
 Metaspace       used 86956K, committed 87808K, reserved 1179648K
  class space    used 11725K, committed 12288K, reserved 1048576K
}
Event: 36856.104 GC heap before
{Heap before GC invocations=418 (full 196):
 garbage-first heap   total 524288K, used 122472K [0x0000000701800000, 0x0000000800000000)
  region size 2048K, 22 young (45056K), 0 survivors (0K)
 Metaspace       used 86981K, committed 87872K, reserved 1179648K
  class space    used 11725K, committed 12288K, reserved 1048576K
}
Event: 36856.144 GC heap after
{Heap after GC invocations=419 (full 197):
 garbage-first heap   total 524288K, used 77391K [0x0000000701800000, 0x0000000800000000)
  region size 2048K, 0 young (0K), 0 survivors (0K)
 Metaspace       used 86981K, committed 87872K, reserved 1179648K
  class space    used 11725K, committed 12288K, reserved 1048576K
}
Event: 36868.754 GC heap before
{Heap before GC invocations=419 (full 197):
 garbage-first heap   total 524288K, used 159311K [0x0000000701800000, 0x0000000800000000)
  region size 2048K, 40 young (81920K), 0 survivors (0K)
 Metaspace       used 87016K, committed 87872K, reserved 1179648K
  class space    used 11725K, committed 12288K, reserved 1048576K
}
Event: 36868.757 GC heap after
{Heap after GC invocations=420 (full 197):
 garbage-first heap   total 524288K, used 78678K [0x0000000701800000, 0x0000000800000000)
  region size 2048K, 1 young (2048K), 1 survivors (2048K)
 Metaspace       used 87016K, committed 87872K, reserved 1179648K
  class space    used 11725K, committed 12288K, reserved 1048576K
}
Event: 36875.296 GC heap before
{Heap before GC invocations=420 (full 197):
 garbage-first heap   total 524288K, used 158550K [0x0000000701800000, 0x0000000800000000)
  region size 2048K, 40 young (81920K), 1 survivors (2048K)
 Metaspace       used 87077K, committed 87936K, reserved 1179648K
  class space    used 11726K, committed 12288K, reserved 1048576K
}
Event: 36875.298 GC heap after
{Heap after GC invocations=421 (full 197):
 garbage-first heap   total 524288K, used 78422K [0x0000000701800000, 0x0000000800000000)
  region size 2048K, 1 young (2048K), 1 survivors (2048K)
 Metaspace       used 87077K, committed 87936K, reserved 1179648K
  class space    used 11726K, committed 12288K, reserved 1048576K
}
Event: 36881.780 GC heap before
{Heap before GC invocations=421 (full 197):
 garbage-first heap   total 524288K, used 158294K [0x0000000701800000, 0x0000000800000000)
  region size 2048K, 40 young (81920K), 1 survivors (2048K)
 Metaspace       used 87277K, committed 88000K, reserved 1179648K
  class space    used 11781K, committed 12288K, reserved 1048576K
}
Event: 36881.782 GC heap after
{Heap after GC invocations=422 (full 197):
 garbage-first heap   total 524288K, used 78962K [0x0000000701800000, 0x0000000800000000)
  region size 2048K, 1 young (2048K), 1 survivors (2048K)
 Metaspace       used 87277K, committed 88000K, reserved 1179648K
  class space    used 11781K, committed 12288K, reserved 1048576K
}

